0 verbose cli C:\Program Files\nodejs\node.exe C:\Program Files\nodejs\node_modules\npm\bin\npm-cli.js
1 info using npm@11.9.0
2 info using node@v24.14.0
3 silly config load:file:C:\Program Files\nodejs\node_modules\npm\npmrc
4 silly config load:file:D:\Data 2\Github-Clone\siritami\extensions-source\.npmrc
5 silly config load:file:D:\Data\Antigravity\Data\.npmrc
6 silly config load:file:D:\Data\VSCode\data\AppData\Roaming\npm\etc\npmrc
7 verbose title npm install wabt
8 verbose argv "install" "wabt" "--no-audit" "--no-fund"
9 verbose logfile logs-max:10 dir:D:\Data 2\Github-Clone\siritami\extensions-source\tmp\_logs\2026-03-13T04_19_15_720Z-
10 verbose logfile D:\Data 2\Github-Clone\siritami\extensions-source\tmp\_logs\2026-03-13T04_19_15_720Z-debug-0.log
11 silly logfile done cleaning log files
12 silly packumentCache heap:4496293888 maxSize:1124073472 maxEntrySize:562036736
13 silly idealTree buildDeps
14 silly fetch manifest wabt@*
15 silly packumentCache full:https://registry.npmjs.org/wabt cache-miss
16 http fetch GET 200 https://registry.npmjs.org/npm 99ms
17 http fetch GET 200 https://registry.npmjs.org/wabt 354ms (cache miss)
18 silly packumentCache full:https://registry.npmjs.org/wabt set size:undefined disposed:false
19 silly placeDep ROOT wabt@1.0.39 OK for:  want: *
20 silly reify moves {}
21 http cache wabt@https://registry.npmjs.org/wabt/-/wabt-1.0.39.tgz 0ms (cache hit)
22 silly tarball no local data for wabt@https://registry.npmjs.org/wabt/-/wabt-1.0.39.tgz. Extracting by manifest.
23 http fetch GET 200 https://registry.npmjs.org/wabt/-/wabt-1.0.39.tgz 171ms (cache miss)
24 silly ADD node_modules/wabt
25 verbose cwd D:\Data 2\Github-Clone\siritami\extensions-source
26 verbose os Windows_NT 10.0.26100
27 verbose node v24.14.0
28 verbose npm  v11.9.0
29 notice
29 notice New minor version of npm available! 11.9.0 -> 11.11.1
29 notice Changelog: https://github.com/npm/cli/releases/tag/v11.11.1
29 notice To update run: npm install -g npm@11.11.1
29 notice  { force: true, Symbol(proc-log.meta): true }
30 verbose exit 0
31 info ok
